{"/Users/datfcknadam/repo/chunk-fetcher/src/index.ts": {"path":"/Users/datfcknadam/repo/chunk-fetcher/src/index.ts","statementMap":{"0":{"start":{"line":1,"column":0},"end":{"line":1,"column":49}},"1":{"start":{"line":4,"column":0},"end":{"line":4,"column":55}},"2":{"start":{"line":5,"column":0},"end":{"line":5,"column":23}}},"fnMap":{},"branchMap":{},"s":{"0":1,"1":1,"2":1},"f":{},"b":{}}
,"/Users/datfcknadam/repo/chunk-fetcher/src/page-extractor.ts": {"path":"/Users/datfcknadam/repo/chunk-fetcher/src/page-extractor.ts","statementMap":{"0":{"start":{"line":1,"column":0},"end":{"line":1,"column":48}},"1":{"start":{"line":13,"column":29},"end":{"line":39,"column":1}},"2":{"start":{"line":18,"column":14},"end":{"line":18,"column":47}},"3":{"start":{"line":19,"column":14},"end":{"line":19,"column":29}},"4":{"start":{"line":20,"column":19},"end":{"line":20,"column":37}},"5":{"start":{"line":21,"column":64},"end":{"line":21,"column":67}},"6":{"start":{"line":23,"column":2},"end":{"line":25,"column":3}},"7":{"start":{"line":24,"column":4},"end":{"line":24,"column":25}},"8":{"start":{"line":26,"column":16},"end":{"line":26,"column":73}},"9":{"start":{"line":27,"column":24},"end":{"line":27,"column":52}},"10":{"start":{"line":28,"column":17},"end":{"line":28,"column":74}},"11":{"start":{"line":30,"column":22},"end":{"line":30,"column":83}},"12":{"start":{"line":30,"column":73},"end":{"line":30,"column":82}},"13":{"start":{"line":31,"column":15},"end":{"line":34,"column":5}},"14":{"start":{"line":32,"column":18},"end":{"line":32,"column":57}},"15":{"start":{"line":33,"column":6},"end":{"line":33,"column":50}},"16":{"start":{"line":35,"column":2},"end":{"line":37,"column":3}},"17":{"start":{"line":36,"column":4},"end":{"line":36,"column":41}},"18":{"start":{"line":36,"column":24},"end":{"line":36,"column":39}},"19":{"start":{"line":38,"column":2},"end":{"line":38,"column":87}},"20":{"start":{"line":38,"column":39},"end":{"line":38,"column":70}},"21":{"start":{"line":13,"column":13},"end":{"line":13,"column":29}}},"fnMap":{"0":{"name":"(anonymous_1)","decl":{"start":{"line":13,"column":29},"end":{"line":13,"column":34}},"loc":{"start":{"line":17,"column":26},"end":{"line":39,"column":1}}},"1":{"name":"(anonymous_2)","decl":{"start":{"line":30,"column":59},"end":{"line":30,"column":60}},"loc":{"start":{"line":30,"column":73},"end":{"line":30,"column":82}}},"2":{"name":"(anonymous_3)","decl":{"start":{"line":31,"column":49},"end":{"line":31,"column":54}},"loc":{"start":{"line":31,"column":64},"end":{"line":34,"column":3}}},"3":{"name":"(anonymous_4)","decl":{"start":{"line":36,"column":14},"end":{"line":36,"column":15}},"loc":{"start":{"line":36,"column":24},"end":{"line":36,"column":39}}},"4":{"name":"(anonymous_5)","decl":{"start":{"line":38,"column":21},"end":{"line":38,"column":22}},"loc":{"start":{"line":38,"column":39},"end":{"line":38,"column":70}}}},"branchMap":{"0":{"loc":{"start":{"line":23,"column":2},"end":{"line":25,"column":3}},"type":"if","locations":[{"start":{"line":23,"column":2},"end":{"line":25,"column":3}}]},"1":{"loc":{"start":{"line":23,"column":6},"end":{"line":23,"column":54}},"type":"binary-expr","locations":[{"start":{"line":23,"column":6},"end":{"line":23,"column":33}},{"start":{"line":23,"column":37},"end":{"line":23,"column":54}}]},"2":{"loc":{"start":{"line":26,"column":16},"end":{"line":26,"column":73}},"type":"cond-expr","locations":[{"start":{"line":26,"column":46},"end":{"line":26,"column":56}},{"start":{"line":26,"column":59},"end":{"line":26,"column":73}}]},"3":{"loc":{"start":{"line":28,"column":17},"end":{"line":28,"column":74}},"type":"cond-expr","locations":[{"start":{"line":28,"column":47},"end":{"line":28,"column":58}},{"start":{"line":28,"column":61},"end":{"line":28,"column":74}}]},"4":{"loc":{"start":{"line":35,"column":2},"end":{"line":37,"column":3}},"type":"if","locations":[{"start":{"line":35,"column":2},"end":{"line":37,"column":3}}]}},"s":{"0":1,"1":1,"2":5,"3":5,"4":5,"5":5,"6":5,"7":1,"8":4,"9":4,"10":4,"11":4,"12":19,"13":4,"14":19,"15":19,"16":4,"17":1,"18":8,"19":4,"20":19,"21":1},"f":{"0":5,"1":19,"2":19,"3":8,"4":19},"b":{"0":[1],"1":[5,4],"2":[1,3],"3":[1,3],"4":[1]}}
,"/Users/datfcknadam/repo/chunk-fetcher/src/defaults/options.ts": {"path":"/Users/datfcknadam/repo/chunk-fetcher/src/defaults/options.ts","statementMap":{"0":{"start":{"line":3,"column":0},"end":{"line":8,"column":13}}},"fnMap":{},"branchMap":{},"s":{"0":1},"f":{},"b":{}}
}
