TN:
SF:src/index.ts
FNF:0
FNH:0
DA:1,1
DA:4,1
DA:5,1
LF:3
LH:3
BRF:0
BRH:0
end_of_record
TN:
SF:src/page-extractor.ts
FN:13,(anonymous_1)
FN:30,(anonymous_2)
FN:31,(anonymous_3)
FN:36,(anonymous_4)
FN:38,(anonymous_5)
FNF:5
FNH:5
FNDA:5,(anonymous_1)
FNDA:19,(anonymous_2)
FNDA:19,(anonymous_3)
FNDA:8,(anonymous_4)
FNDA:19,(anonymous_5)
DA:1,1
DA:13,1
DA:18,5
DA:19,5
DA:20,5
DA:21,5
DA:23,5
DA:24,1
DA:26,4
DA:27,4
DA:28,4
DA:30,19
DA:31,4
DA:32,19
DA:33,19
DA:35,4
DA:36,8
DA:38,19
LF:18
LH:18
BRDA:23,0,0,1
BRDA:23,1,0,5
BRDA:23,1,1,4
BRDA:26,2,0,1
BRDA:26,2,1,3
BRDA:28,3,0,1
BRDA:28,3,1,3
BRDA:35,4,0,1
BRF:8
BRH:8
end_of_record
TN:
SF:src/defaults/options.ts
FNF:0
FNH:0
DA:3,1
LF:1
LH:1
BRF:0
BRH:0
end_of_record
